
***************************
Stats for insert operation
TIME:
Max: 4049
Min: 363
Average: 507.860000
Standard Deviation: 389.473589
DISK ACCESS:
Max: 16
Min: 6
Average: 6.225000
Standard Deviation: 1.128882

***************************
Stats for point query operation
TIME:
Max: 571
Min: 217
Average: 261.568000
Standard Deviation: 31.927189
DISK ACCESS:
Max: 7
Min: 5
Average: 5.158000
Standard Deviation: 0.403777

***************************
Stats for range query operation
TIME:
Max: 592488
Min: 240
Average: 2915.962000
Standard Deviation: 18703.160221
DISK ACCESS:
Max: 222
Min: 5
Average: 93.004000
Standard Deviation: 57.177723
